Tue 25 Jun 2024 13:06:14 INFO  
General Hyper Parameters:
gpu_id = 0
use_gpu = True
seed = 2020
state = INFO
reproducibility = True
data_path = dataset/amazon
checkpoint_dir = saved
show_progress = True
save_dataset = False
dataset_save_path = None
save_dataloaders = False
dataloaders_save_path = None
log_wandb = False

Training Hyper Parameters:
epochs = 50
train_batch_size = 4096
learner = adam
learning_rate = 0.001
train_neg_sample_args = {'distribution': 'none', 'sample_num': 'none', 'alpha': 'none', 'dynamic': False, 'candidate_num': 0}
eval_step = 1
stopping_step = 10
clip_grad_norm = None
weight_decay = 0.0
loss_decimal_place = 4

Evaluation Hyper Parameters:
eval_args = {'split': {'LS': 'valid_and_test'}, 'order': 'TO', 'group_by': 'user', 'mode': {'valid': 'full', 'test': 'full'}}
repeatable = True
metrics = ['Recall', 'MRR', 'NDCG', 'Hit', 'Precision']
topk = [10]
valid_metric = MRR@10
valid_metric_bigger = True
eval_batch_size = 4096
metric_decimal_place = 4

Dataset Hyper Parameters:
field_separator = 	
seq_separator =  
USER_ID_FIELD = user_id
ITEM_ID_FIELD = item_id
RATING_FIELD = rating
TIME_FIELD = timestamp
seq_len = None
LABEL_FIELD = label
threshold = None
NEG_PREFIX = neg_
load_col = {'inter': ['user_id', 'item_id', 'rating', 'timestamp']}
unload_col = None
unused_col = None
additional_feat_suffix = None
rm_dup_inter = None
val_interval = None
filter_inter_by_user_or_item = True
user_inter_num_interval = [0,inf)
item_inter_num_interval = [0,inf)
alias_of_user_id = None
alias_of_item_id = None
alias_of_entity_id = None
alias_of_relation_id = None
preload_weight = None
normalize_field = None
normalize_all = None
ITEM_LIST_LENGTH_FIELD = item_length
LIST_SUFFIX = _list
MAX_ITEM_LIST_LENGTH = 5
POSITION_FIELD = position_id
HEAD_ENTITY_ID_FIELD = head_id
TAIL_ENTITY_ID_FIELD = tail_id
RELATION_ID_FIELD = relation_id
ENTITY_ID_FIELD = entity_id
benchmark_filename = None

Other Hyper Parameters: 
worker = 0
wandb_project = recbole
shuffle = True
require_pow = False
enable_amp = False
enable_scaler = False
transform = None
embedding_size = 64
hidden_size = 128
num_layers = 1
dropout_prob = 0.3
loss_type = CE
numerical_features = []
discretization = None
kg_reverse_r = False
entity_kg_num_interval = [0,inf)
relation_kg_num_interval = [0,inf)
MODEL_TYPE = ModelType.SEQUENTIAL
MODEL_INPUT_TYPE = InputType.POINTWISE
eval_type = EvaluatorType.RANKING
single_spec = True
local_rank = 0
device = cpu
valid_neg_sample_args = {'distribution': 'uniform', 'sample_num': 'none'}
test_neg_sample_args = {'distribution': 'uniform', 'sample_num': 'none'}


Tue 25 Jun 2024 13:06:15 INFO  amazon
The number of users: 4465
Average actions of users: 5.721774193548387
The number of items: 20838
Average actions of items: 1.2258002591543888
The number of inters: 25542
The sparsity of the dataset: 99.97254778423475%
Remain Fields: ['user_id', 'item_id', 'rating', 'timestamp']
Tue 25 Jun 2024 13:06:16 INFO  [Training]: train_batch_size = [4096] train_neg_sample_args: [{'distribution': 'none', 'sample_num': 'none', 'alpha': 'none', 'dynamic': False, 'candidate_num': 0}]
Tue 25 Jun 2024 13:06:16 INFO  [Evaluation]: eval_batch_size = [4096] eval_args: [{'split': {'LS': 'valid_and_test'}, 'order': 'TO', 'group_by': 'user', 'mode': {'valid': 'full', 'test': 'full'}}]
Tue 25 Jun 2024 13:06:16 INFO  GRU4Rec(
  (item_embedding): Embedding(20838, 64, padding_idx=0)
  (emb_dropout): Dropout(p=0.3, inplace=False)
  (gru_layers): GRU(64, 128, bias=False, batch_first=True)
  (dense): Linear(in_features=128, out_features=64, bias=True)
  (loss_fct): CrossEntropyLoss()
)
Trainable parameters: 1415616
Tue 25 Jun 2024 13:06:24 INFO  epoch 0 training [time: 4.50s, train loss: 39.7833]
Tue 25 Jun 2024 13:06:24 INFO  epoch 0 evaluating [time: 0.20s, valid_score: 0.000200]
Tue 25 Jun 2024 13:06:24 INFO  valid result: 
recall@10 : 0.0008    mrr@10 : 0.0002    ndcg@10 : 0.0004    hit@10 : 0.0008    precision@10 : 0.0001
Tue 25 Jun 2024 13:06:24 INFO  Saving current: saved\GRU4Rec-Jun-25-2024_13-06-16.pth
Tue 25 Jun 2024 13:06:27 INFO  epoch 1 training [time: 3.37s, train loss: 39.7517]
Tue 25 Jun 2024 13:06:27 INFO  epoch 1 evaluating [time: 0.21s, valid_score: 0.000400]
Tue 25 Jun 2024 13:06:27 INFO  valid result: 
recall@10 : 0.0013    mrr@10 : 0.0004    ndcg@10 : 0.0006    hit@10 : 0.0013    precision@10 : 0.0001
Tue 25 Jun 2024 13:06:27 INFO  Saving current: saved\GRU4Rec-Jun-25-2024_13-06-16.pth
Tue 25 Jun 2024 13:06:31 INFO  epoch 2 training [time: 3.33s, train loss: 39.7247]
Tue 25 Jun 2024 13:06:31 INFO  epoch 2 evaluating [time: 0.19s, valid_score: 0.000600]
Tue 25 Jun 2024 13:06:31 INFO  valid result: 
recall@10 : 0.0025    mrr@10 : 0.0006    ndcg@10 : 0.001    hit@10 : 0.0025    precision@10 : 0.0003
Tue 25 Jun 2024 13:06:31 INFO  Saving current: saved\GRU4Rec-Jun-25-2024_13-06-16.pth
Tue 25 Jun 2024 13:06:34 INFO  epoch 3 training [time: 3.34s, train loss: 39.6927]
Tue 25 Jun 2024 13:06:35 INFO  epoch 3 evaluating [time: 0.19s, valid_score: 0.000800]
Tue 25 Jun 2024 13:06:35 INFO  valid result: 
recall@10 : 0.0025    mrr@10 : 0.0008    ndcg@10 : 0.0012    hit@10 : 0.0025    precision@10 : 0.0003
Tue 25 Jun 2024 13:06:35 INFO  Saving current: saved\GRU4Rec-Jun-25-2024_13-06-16.pth
Tue 25 Jun 2024 13:06:38 INFO  epoch 4 training [time: 3.31s, train loss: 39.6556]
Tue 25 Jun 2024 13:06:38 INFO  epoch 4 evaluating [time: 0.18s, valid_score: 0.001500]
Tue 25 Jun 2024 13:06:38 INFO  valid result: 
recall@10 : 0.0021    mrr@10 : 0.0015    ndcg@10 : 0.0017    hit@10 : 0.0021    precision@10 : 0.0002
Tue 25 Jun 2024 13:06:38 INFO  Saving current: saved\GRU4Rec-Jun-25-2024_13-06-16.pth
Tue 25 Jun 2024 13:06:41 INFO  epoch 5 training [time: 3.26s, train loss: 39.6087]
Tue 25 Jun 2024 13:06:42 INFO  epoch 5 evaluating [time: 0.19s, valid_score: 0.001500]
Tue 25 Jun 2024 13:06:42 INFO  valid result: 
recall@10 : 0.0017    mrr@10 : 0.0015    ndcg@10 : 0.0015    hit@10 : 0.0017    precision@10 : 0.0002
Tue 25 Jun 2024 13:06:42 INFO  Saving current: saved\GRU4Rec-Jun-25-2024_13-06-16.pth
Tue 25 Jun 2024 13:06:45 INFO  epoch 6 training [time: 3.29s, train loss: 39.5419]
Tue 25 Jun 2024 13:06:45 INFO  epoch 6 evaluating [time: 0.19s, valid_score: 0.001400]
Tue 25 Jun 2024 13:06:45 INFO  valid result: 
recall@10 : 0.0017    mrr@10 : 0.0014    ndcg@10 : 0.0015    hit@10 : 0.0017    precision@10 : 0.0002
Tue 25 Jun 2024 13:06:48 INFO  epoch 7 training [time: 3.29s, train loss: 39.4148]
Tue 25 Jun 2024 13:06:49 INFO  epoch 7 evaluating [time: 0.19s, valid_score: 0.001400]
Tue 25 Jun 2024 13:06:49 INFO  valid result: 
recall@10 : 0.0021    mrr@10 : 0.0014    ndcg@10 : 0.0016    hit@10 : 0.0021    precision@10 : 0.0002
Tue 25 Jun 2024 13:06:52 INFO  epoch 8 training [time: 3.23s, train loss: 39.1546]
Tue 25 Jun 2024 13:06:52 INFO  epoch 8 evaluating [time: 0.19s, valid_score: 0.001600]
Tue 25 Jun 2024 13:06:52 INFO  valid result: 
recall@10 : 0.0025    mrr@10 : 0.0016    ndcg@10 : 0.0018    hit@10 : 0.0025    precision@10 : 0.0003
Tue 25 Jun 2024 13:06:52 INFO  Saving current: saved\GRU4Rec-Jun-25-2024_13-06-16.pth
Tue 25 Jun 2024 13:06:55 INFO  epoch 9 training [time: 3.30s, train loss: 38.6306]
Tue 25 Jun 2024 13:06:56 INFO  epoch 9 evaluating [time: 0.19s, valid_score: 0.001400]
Tue 25 Jun 2024 13:06:56 INFO  valid result: 
recall@10 : 0.0025    mrr@10 : 0.0014    ndcg@10 : 0.0016    hit@10 : 0.0025    precision@10 : 0.0003
Tue 25 Jun 2024 13:06:59 INFO  epoch 10 training [time: 3.28s, train loss: 38.1207]
Tue 25 Jun 2024 13:06:59 INFO  epoch 10 evaluating [time: 0.19s, valid_score: 0.000300]
Tue 25 Jun 2024 13:06:59 INFO  valid result: 
recall@10 : 0.0008    mrr@10 : 0.0003    ndcg@10 : 0.0004    hit@10 : 0.0008    precision@10 : 0.0001
Tue 25 Jun 2024 13:07:02 INFO  epoch 11 training [time: 3.22s, train loss: 37.9203]
Tue 25 Jun 2024 13:07:03 INFO  epoch 11 evaluating [time: 0.19s, valid_score: 0.000500]
Tue 25 Jun 2024 13:07:03 INFO  valid result: 
recall@10 : 0.0008    mrr@10 : 0.0005    ndcg@10 : 0.0006    hit@10 : 0.0008    precision@10 : 0.0001
Tue 25 Jun 2024 13:07:09 INFO  epoch 12 training [time: 6.13s, train loss: 37.6198]
Tue 25 Jun 2024 13:07:09 INFO  epoch 12 evaluating [time: 0.40s, valid_score: 0.000600]
Tue 25 Jun 2024 13:07:09 INFO  valid result: 
recall@10 : 0.0013    mrr@10 : 0.0006    ndcg@10 : 0.0008    hit@10 : 0.0013    precision@10 : 0.0001
Tue 25 Jun 2024 13:07:16 INFO  epoch 13 training [time: 7.43s, train loss: 37.5066]
Tue 25 Jun 2024 13:07:17 INFO  epoch 13 evaluating [time: 0.38s, valid_score: 0.000600]
Tue 25 Jun 2024 13:07:17 INFO  valid result: 
recall@10 : 0.0008    mrr@10 : 0.0006    ndcg@10 : 0.0007    hit@10 : 0.0008    precision@10 : 0.0001
Tue 25 Jun 2024 13:07:24 INFO  epoch 14 training [time: 7.45s, train loss: 37.4112]
Tue 25 Jun 2024 13:07:25 INFO  epoch 14 evaluating [time: 0.40s, valid_score: 0.000600]
Tue 25 Jun 2024 13:07:25 INFO  valid result: 
recall@10 : 0.0008    mrr@10 : 0.0006    ndcg@10 : 0.0007    hit@10 : 0.0008    precision@10 : 0.0001
Tue 25 Jun 2024 13:07:34 INFO  epoch 15 training [time: 9.03s, train loss: 37.3246]
Tue 25 Jun 2024 13:07:34 INFO  epoch 15 evaluating [time: 0.68s, valid_score: 0.000600]
Tue 25 Jun 2024 13:07:34 INFO  valid result: 
recall@10 : 0.0013    mrr@10 : 0.0006    ndcg@10 : 0.0008    hit@10 : 0.0013    precision@10 : 0.0001
Tue 25 Jun 2024 13:07:44 INFO  epoch 16 training [time: 9.13s, train loss: 37.2298]
Tue 25 Jun 2024 13:07:44 INFO  epoch 16 evaluating [time: 0.70s, valid_score: 0.000600]
Tue 25 Jun 2024 13:07:44 INFO  valid result: 
recall@10 : 0.0013    mrr@10 : 0.0006    ndcg@10 : 0.0008    hit@10 : 0.0013    precision@10 : 0.0001
Tue 25 Jun 2024 13:07:54 INFO  epoch 17 training [time: 9.29s, train loss: 37.1319]
Tue 25 Jun 2024 13:07:54 INFO  epoch 17 evaluating [time: 0.68s, valid_score: 0.000100]
Tue 25 Jun 2024 13:07:54 INFO  valid result: 
recall@10 : 0.0004    mrr@10 : 0.0001    ndcg@10 : 0.0001    hit@10 : 0.0004    precision@10 : 0.0
Tue 25 Jun 2024 13:08:04 INFO  epoch 18 training [time: 9.19s, train loss: 37.0534]
Tue 25 Jun 2024 13:08:04 INFO  epoch 18 evaluating [time: 0.67s, valid_score: 0.000100]
Tue 25 Jun 2024 13:08:04 INFO  valid result: 
recall@10 : 0.0004    mrr@10 : 0.0001    ndcg@10 : 0.0002    hit@10 : 0.0004    precision@10 : 0.0
Tue 25 Jun 2024 13:08:13 INFO  epoch 19 training [time: 9.13s, train loss: 36.9600]
Tue 25 Jun 2024 13:08:14 INFO  epoch 19 evaluating [time: 0.64s, valid_score: 0.000100]
Tue 25 Jun 2024 13:08:14 INFO  valid result: 
recall@10 : 0.0004    mrr@10 : 0.0001    ndcg@10 : 0.0001    hit@10 : 0.0004    precision@10 : 0.0
Tue 25 Jun 2024 13:08:14 INFO  Finished training, best eval result in epoch 8
